<?xml version="1.0" encoding="UTF-8"?>
<testsuite xmlns:xsi="http://www.w3.org/2001/XMLSchema-instance" xsi:noNamespaceSchemaLocation="https://maven.apache.org/surefire/maven-surefire-plugin/xsd/surefire-test-report-3.0.xsd" version="3.0" name="com.stem.chatapp.ChatAppApplicationTests" time="1.469" tests="1" errors="0" skipped="0" failures="0">
  <properties>
[...]
</properties>
  <testcase name="contextLoads" classname="com.stem.chatapp.ChatAppApplicationTests" time="0.233">
    <system-out><![CDATA[16:39:29.017 [main] INFO org.springframework.test.context.support.AnnotationConfigContextLoaderUtils -- Could not detect default configuration classes for test class [com.stem.chatapp.ChatAppApplicationTests]: ChatAppApplicationTests does not declare any static, non-private, non-final, nested classes annotated with @Configuration.
16:39:29.043 [main] INFO org.springframework.boot.test.context.SpringBootTestContextBootstrapper -- Found @SpringBootConfiguration com.stem.chatapp.ChatAppApplication for test class com.stem.chatapp.ChatAppApplicationTests

  .   ____          _            __ _ _
 /\\ / ___'_ __ _ _(_)_ __  __ _ \ \ \ \
( ( )\___ | '_ | '_| | '_ \/ _` | \ \ \ \
 \\/  ___)| |_)| | | | | || (_| |  ) ) ) )
  '  |____| .__|_| |_|_| |_\__, | / / / /
 =========|_|==============|___/=/_/_/_/
 :: Spring Boot ::                (v3.2.5)

2026-02-12T16:39:29.157-06:00  INFO 44774 --- [chat-app] [           main] c.stem.chatapp.ChatAppApplicationTests   : Starting ChatAppApplicationTests using Java 17.0.16 with PID 44774 (started by venkat in /Users/venkat/IdeaProjects/chat-app)
2026-02-12T16:39:29.158-06:00  INFO 44774 --- [chat-app] [           main] c.stem.chatapp.ChatAppApplicationTests   : No active profile set, falling back to 1 default profile: "default"
2026-02-12T16:39:29.344-06:00  INFO 44774 --- [chat-app] [           main] .s.d.r.c.RepositoryConfigurationDelegate : Bootstrapping Spring Data JPA repositories in DEFAULT mode.
2026-02-12T16:39:29.358-06:00  INFO 44774 --- [chat-app] [           main] .s.d.r.c.RepositoryConfigurationDelegate : Finished Spring Data repository scanning in 11 ms. Found 1 JPA repository interface.
2026-02-12T16:39:29.489-06:00  INFO 44774 --- [chat-app] [           main] o.hibernate.jpa.internal.util.LogHelper  : HHH000204: Processing PersistenceUnitInfo [name: default]
2026-02-12T16:39:29.503-06:00  INFO 44774 --- [chat-app] [           main] org.hibernate.Version                    : HHH000412: Hibernate ORM core version 6.4.4.Final
2026-02-12T16:39:29.511-06:00  INFO 44774 --- [chat-app] [           main] o.h.c.internal.RegionFactoryInitiator    : HHH000026: Second-level cache disabled
2026-02-12T16:39:29.572-06:00  INFO 44774 --- [chat-app] [           main] o.s.o.j.p.SpringPersistenceUnitInfo      : No LoadTimeWeaver setup: ignoring JPA class transformer
2026-02-12T16:39:29.579-06:00  INFO 44774 --- [chat-app] [           main] com.zaxxer.hikari.HikariDataSource       : SpringBootHikariCP - Starting...
2026-02-12T16:39:29.649-06:00  INFO 44774 --- [chat-app] [           main] com.zaxxer.hikari.pool.HikariPool        : SpringBootHikariCP - Added connection org.postgresql.jdbc.PgConnection@439d545c
2026-02-12T16:39:29.650-06:00  INFO 44774 --- [chat-app] [           main] com.zaxxer.hikari.HikariDataSource       : SpringBootHikariCP - Start completed.
2026-02-12T16:39:29.661-06:00  WARN 44774 --- [chat-app] [           main] org.hibernate.orm.deprecation            : HHH90000025: PostgreSQLDialect does not need to be specified explicitly using 'hibernate.dialect' (remove the property setting and it will be selected by default)
2026-02-12T16:39:29.891-06:00  INFO 44774 --- [chat-app] [           main] o.h.e.t.j.p.i.JtaPlatformInitiator       : HHH000489: No JTA platform available (set 'hibernate.transaction.jta.platform' to enable JTA platform integration)
2026-02-12T16:39:29.910-06:00  INFO 44774 --- [chat-app] [           main] j.LocalContainerEntityManagerFactoryBean : Initialized JPA EntityManagerFactory for persistence unit 'default'
2026-02-12T16:39:30.061-06:00  WARN 44774 --- [chat-app] [           main] JpaBaseConfiguration$JpaWebConfiguration : spring.jpa.open-in-view is enabled by default. Therefore, database queries may be performed during view rendering. Explicitly configure spring.jpa.open-in-view to disable this warning
2026-02-12T16:39:30.202-06:00  INFO 44774 --- [chat-app] [           main] c.stem.chatapp.ChatAppApplicationTests   : Started ChatAppApplicationTests in 1.124 seconds (process running for 1.381)
]]></system-out>
  </testcase>
</testsuite>